#
# A fatal error has been detected by the Java Runtime Environment:
#
#  EXCEPTION_ACCESS_VIOLATION (0xc0000005) at pc=0x0000000006c86c34, pid=6316, tid=0x000000000000084c
#
# JRE version: OpenJDK Runtime Environment (8.0_152-b01) (build 1.8.0_152-release-915-b01)
# Java VM: OpenJDK 64-Bit Server VM (25.152-b01 mixed mode windows-amd64 compressed oops)
# Problematic frame:
# J 26622 C2 com.sun.org.apache.xerces.internal.dom.CoreDocumentImpl.adoptNode(Lorg/w3c/dom/Node;)Lorg/w3c/dom/Node; (512 bytes) @ 0x0000000006c86c34 [0x0000000006c86120+0xb14]
#
# Failed to write core dump. Minidumps are not enabled by default on client versions of Windows
#
# If you would like to submit a bug report, please visit:
#   http://bugreport.java.com/bugreport/crash.jsp
#

---------------  T H R E A D  ---------------

Current thread (0x000000001b7d4800):  JavaThread "Task worker for ':'" [_thread_in_Java, id=2124, stack(0x000000004cac0000,0x000000004cbc0000)]

siginfo: ExceptionCode=0xc0000005, reading address 0x00000000c019c01a

Registers:
RAX=0x0000000000000001, RBX=0x00000000e5c97428, RCX=0x00000000c019c012, RDX=0x00000000a3b58df5
RSP=0x000000004cbbd500, RBP=0x00000000e5c974e0, RSI=0x00000000e5c97490, RDI=0x00000000c019c012
R8 =0x00000000a3b58df5, R9 =0x00000000e5c97428, R10=0x0000000004000000, R11=0x0000000000000010
R12=0x0000000000000000, R13=0x0000000000000007, R14=0x00000000e5c974e0, R15=0x000000001b7d4800
RIP=0x0000000006c86c34, EFLAGS=0x0000000000010286

Top of Stack: (sp=0x000000004cbbd500)
0x000000004cbbd500:   00000000ead253c0 00000000e5c97248
0x000000004cbbd510:   00000000e5c97428 000000010001b798
0x000000004cbbd520:   00000000ead26190 00000000e5c97248
0x000000004cbbd530:   00000000e5c974e0 0000001000000001
0x000000004cbbd540:   e5c97428e5c974e0 0000000004000000
0x000000004cbbd550:   0000000000000000 00000000061708f0
0x000000004cbbd560:   000000002008d2cf 00000000ead25458
0x000000004cbbd570:   00000000ead261e0 00000000ead261e0
0x000000004cbbd580:   000000004cbbd640 0000000005ff08ec
0x000000004cbbd590:   00000000ead254f8 00000000e5c97248
0x000000004cbbd5a0:   000000004cbbd640 00000000027be490
0x000000004cbbd5b0:   00000000ead253c0 00000000035a15a4
0x000000004cbbd5c0:   000000004cbbd640 000000000243809d
0x000000004cbbd5d0:   000000004cbbd640 0000000002437e20
0x000000004cbbd5e0:   000000004cbbd640 0000000002437e20
0x000000004cbbd5f0:   00000000e5c97248 00000000ead253c0 

Instructions: (pc=0x0000000006c86c34)
0x0000000006c86c14:   ef 44 3b df 0f 8d ae 00 00 00 66 90 43 8b 4c 98
0x0000000006c86c24:   10 85 c9 0f 84 82 00 00 00 41 ff c3 41 8b 7a 10
0x0000000006c86c34:   44 8b 47 08 41 81 f8 c2 02 00 20 0f 85 dc 0d 00
0x0000000006c86c44:   00 8b 57 10 85 d2 0f 85 80 fd ff ff 44 8b 77 0c 


Register to memory mapping:

RAX=0x0000000000000001 is an unknown value
RBX=0x00000000e5c97428 is an oop
java.util.HashMap 
 - klass: 'java/util/HashMap'
RCX=0x00000000c019c012 is an unallocated location in the heap
RDX=0x00000000a3b58df5 is pointing into object: 0x00000000a3b58db8
[C 
 - klass: {type array char}
 - length: 23
RSP=0x000000004cbbd500 is pointing into the stack for thread: 0x000000001b7d4800
RBP=0x00000000e5c974e0 is an oop
java.util.HashMap$Node 
 - klass: 'java/util/HashMap$Node'
RSI=0x00000000e5c97490 is an oop
[Ljava.util.HashMap$Node; 
 - klass: 'java/util/HashMap$Node'[]
 - length: 16
RDI=0x00000000c019c012 is an unallocated location in the heap
R8 =0x00000000a3b58df5 is pointing into object: 0x00000000a3b58db8
[C 
 - klass: {type array char}
 - length: 23
R9 =0x00000000e5c97428 is an oop
java.util.HashMap 
 - klass: 'java/util/HashMap'
R10=0x0000000004000000 is at entry_point+-384 in (nmethod*)0x0000000003fffe50
R11=0x0000000000000010 is an unknown value
R12=0x0000000000000000 is an unknown value
R13=0x0000000000000007 is an unknown value
R14=0x00000000e5c974e0 is an oop
java.util.HashMap$Node 
 - klass: 'java/util/HashMap$Node'
R15=0x000000001b7d4800 is a thread


Stack: [0x000000004cac0000,0x000000004cbc0000],  sp=0x000000004cbbd500,  free space=1013k
Native frames: (J=compiled Java code, j=interpreted, Vv=VM code, C=native code)
C  0x0000000006c86c34


---------------  P R O C E S S  ---------------

Java Threads: ( => current thread )
  0x000000001dbc0800 JavaThread "pool-27-thread-1" [_thread_blocked, id=3976, stack(0x000000004e8c0000,0x000000004e9c0000)]
  0x000000001dbbd800 JavaThread "stdout" daemon [_thread_in_native, id=7108, stack(0x000000004e7c0000,0x000000004e8c0000)]
  0x000000001dbb2000 JavaThread "stderr" daemon [_thread_in_native, id=904, stack(0x000000004e6c0000,0x000000004e7c0000)]
  0x000000001dbb7000 JavaThread "stdout" daemon [_thread_in_native, id=4780, stack(0x000000004e5c0000,0x000000004e6c0000)]
  0x000000001dbb6000 JavaThread "stderr" daemon [_thread_in_native, id=5640, stack(0x000000004e4c0000,0x000000004e5c0000)]
  0x000000001dbb9000 JavaThread "stdout" daemon [_thread_in_native, id=3048, stack(0x000000004e3c0000,0x000000004e4c0000)]
  0x000000001dbb3800 JavaThread "stderr" daemon [_thread_in_native, id=2196, stack(0x000000004e2c0000,0x000000004e3c0000)]
  0x000000001c876800 JavaThread "stdout" daemon [_thread_in_native, id=4688, stack(0x000000004e1c0000,0x000000004e2c0000)]
  0x000000001c879000 JavaThread "stderr" daemon [_thread_in_native, id=2996, stack(0x000000004e0c0000,0x000000004e1c0000)]
  0x000000001c877800 JavaThread "queued-resource-processor_52" daemon [_thread_blocked, id=3752, stack(0x000000004dfc0000,0x000000004e0c0000)]
  0x000000001c876000 JavaThread "queued-resource-processor_51" daemon [_thread_blocked, id=4320, stack(0x000000004dec0000,0x000000004dfc0000)]
  0x000000001c875000 JavaThread "queued-resource-processor_50" daemon [_thread_blocked, id=1588, stack(0x000000004ddc0000,0x000000004dec0000)]
  0x000000001c874800 JavaThread "queued-resource-processor_49" daemon [_thread_blocked, id=3528, stack(0x000000004dcc0000,0x000000004ddc0000)]
  0x000000001c86c000 JavaThread "Worker Daemon Execution Thread 15" [_thread_blocked, id=6908, stack(0x000000004dbc0000,0x000000004dcc0000)]
  0x000000001c873000 JavaThread "Worker Daemon Execution Thread 14" [_thread_blocked, id=4452, stack(0x000000004dac0000,0x000000004dbc0000)]
  0x000000001c86b800 JavaThread "Worker Daemon Execution Thread 13" [_thread_blocked, id=5984, stack(0x000000004d9c0000,0x000000004dac0000)]
  0x000000001c872000 JavaThread "Worker Daemon Execution Thread 12" [_thread_blocked, id=120, stack(0x000000004d8c0000,0x000000004d9c0000)]
  0x000000001c86a800 JavaThread "Worker Daemon Execution Thread 11" [_thread_blocked, id=1364, stack(0x000000004d7c0000,0x000000004d8c0000)]
  0x000000001c871800 JavaThread "Worker Daemon Execution Thread 10" [_thread_blocked, id=1284, stack(0x000000004d6c0000,0x000000004d7c0000)]
  0x000000001c86a000 JavaThread "Worker Daemon Execution Thread 9" [_thread_blocked, id=3956, stack(0x000000004d5c0000,0x000000004d6c0000)]
  0x000000001c86f000 JavaThread "Worker Daemon Execution Thread 8" [_thread_blocked, id=4528, stack(0x000000004d4c0000,0x000000004d5c0000)]
  0x000000001c86e800 JavaThread "Worker Daemon Execution Thread 7" [_thread_blocked, id=3616, stack(0x000000004d3c0000,0x000000004d4c0000)]
  0x000000001c86d800 JavaThread "Worker Daemon Execution Thread 6" [_thread_blocked, id=4560, stack(0x000000004d2c0000,0x000000004d3c0000)]
  0x000000001c870000 JavaThread "Worker Daemon Execution Thread 5" [_thread_blocked, id=4848, stack(0x000000004d1c0000,0x000000004d2c0000)]
  0x000000001b7d8000 JavaThread "Worker Daemon Execution Thread 4" [_thread_blocked, id=6800, stack(0x000000004d0c0000,0x000000004d1c0000)]
  0x000000001b7d7800 JavaThread "Worker Daemon Execution Thread 3" [_thread_blocked, id=5276, stack(0x000000004cfc0000,0x000000004d0c0000)]
  0x000000001b7d9800 JavaThread "Worker Daemon Execution Thread 2" [_thread_blocked, id=2792, stack(0x000000004cec0000,0x000000004cfc0000)]
  0x000000001b7d6800 JavaThread "Worker Daemon Execution" [_thread_blocked, id=1052, stack(0x000000004cdc0000,0x000000004cec0000)]
  0x000000001b7d6000 JavaThread "Task worker for ':' Thread 3" [_thread_blocked, id=5092, stack(0x000000004ccc0000,0x000000004cdc0000)]
  0x000000001b7d5000 JavaThread "Task worker for ':' Thread 2" [_thread_blocked, id=5604, stack(0x000000004cbc0000,0x000000004ccc0000)]
=>0x000000001b7d4800 JavaThread "Task worker for ':'" [_thread_in_Java, id=2124, stack(0x000000004cac0000,0x000000004cbc0000)]
  0x000000001b7cd000 JavaThread "Cache worker for task history cache (E:\Android\tronn2\.gradle\4.1\taskHistory)" [_thread_blocked, id=1096, stack(0x000000004c9c0000,0x000000004cac0000)]
  0x000000001b7d3800 JavaThread "Cache worker for file content cache (E:\Android\tronn2\.gradle\4.1\fileContent)" [_thread_blocked, id=4852, stack(0x000000004c8c0000,0x000000004c9c0000)]
  0x000000001b7d3000 JavaThread "build operations Thread 4" [_thread_blocked, id=5236, stack(0x000000004c7c0000,0x000000004c8c0000)]
  0x000000001b7cb800 JavaThread "build operations Thread 3" [_thread_blocked, id=1188, stack(0x000000004c6c0000,0x000000004c7c0000)]
  0x000000001b7d2000 JavaThread "build operations Thread 2" [_thread_blocked, id=3184, stack(0x000000004c5c0000,0x000000004c6c0000)]
  0x000000001b7d1800 JavaThread "build operations" [_thread_blocked, id=2168, stack(0x000000004c4c0000,0x000000004c5c0000)]
  0x000000001b7ca800 JavaThread "Cache worker for Artifact transforms cache (C:\Users\ziddik\.gradle\caches\transforms-1)" [_thread_blocked, id=3012, stack(0x000000004c3c0000,0x000000004c4c0000)]
  0x000000001b7ce800 JavaThread "Cache worker for file hash cache (E:\Android\tronn2\.gradle\4.1\fileHashes)" [_thread_blocked, id=6420, stack(0x000000004c2c0000,0x000000004c3c0000)]
  0x000000001b7cd800 JavaThread "Stdin handler" [_thread_blocked, id=3104, stack(0x000000004c1c0000,0x000000004c2c0000)]
  0x000000001b7d0000 JavaThread "Asynchronous log dispatcher for DefaultDaemonConnection: socket connection from /127.0.0.1:49853 to /127.0.0.1:50444" [_thread_blocked, id=2648, stack(0x000000004c0c0000,0x000000004c1c0000)]
  0x000000001b7cc000 JavaThread "Cancel handler" [_thread_blocked, id=2288, stack(0x000000004bfc0000,0x000000004c0c0000)]
  0x000000001b7cf000 JavaThread "Handler for socket connection from /127.0.0.1:49853 to /127.0.0.1:50444" [_thread_in_native, id=1140, stack(0x000000004bec0000,0x000000004bfc0000)]
  0x000000001dbb4800 JavaThread "Daemon worker Thread 12" [_thread_blocked, id=3500, stack(0x000000004a7c0000,0x000000004a8c0000)]
  0x000000001dbb7800 JavaThread "Daemon Thread 15" [_thread_blocked, id=5704, stack(0x000000004a4c0000,0x000000004a5c0000)]
  0x000000001b7d9000 JavaThread "Java2D Disposer" daemon [_thread_blocked, id=7708, stack(0x00000000399c0000,0x0000000039ac0000)]
  0x000000001c86d000 JavaThread "pool-4-thread-1" [_thread_blocked, id=8112, stack(0x00000000263c0000,0x00000000264c0000)]
  0x000000001bc78800 JavaThread "Memory manager" [_thread_blocked, id=7760, stack(0x0000000020590000,0x0000000020690000)]
  0x000000001bc78000 JavaThread "pool-1-thread-1" [_thread_blocked, id=1064, stack(0x0000000020290000,0x0000000020390000)]
  0x0000000018fd2000 JavaThread "File lock request listener" [_thread_in_native, id=1516, stack(0x000000001a5d0000,0x000000001a6d0000)]
  0x0000000018f70800 JavaThread "Cache worker for file hash cache (C:\Users\ziddik\.gradle\caches\4.1\fileHashes)" [_thread_blocked, id=6320, stack(0x000000001a4d0000,0x000000001a5d0000)]
  0x000000001873a000 JavaThread "Daemon periodic checks" [_thread_blocked, id=4072, stack(0x0000000019bd0000,0x0000000019cd0000)]
  0x0000000018e8d800 JavaThread "Incoming local TCP Connector on port 49853" [_thread_in_native, id=6776, stack(0x00000000199f0000,0x0000000019af0000)]
  0x0000000017710800 JavaThread "Service Thread" daemon [_thread_blocked, id=7568, stack(0x0000000017ae0000,0x0000000017be0000)]
  0x0000000015da5000 JavaThread "C1 CompilerThread2" daemon [_thread_blocked, id=1764, stack(0x00000000175e0000,0x00000000176e0000)]
  0x0000000015da1800 JavaThread "C2 CompilerThread1" daemon [_thread_blocked, id=6672, stack(0x00000000174e0000,0x00000000175e0000)]
  0x0000000015d9c800 JavaThread "C2 CompilerThread0" daemon [_thread_blocked, id=4480, stack(0x00000000173e0000,0x00000000174e0000)]
  0x0000000015d9b000 JavaThread "Attach Listener" daemon [_thread_blocked, id=7244, stack(0x00000000172e0000,0x00000000173e0000)]
  0x0000000015d99800 JavaThread "Signal Dispatcher" daemon [_thread_blocked, id=3512, stack(0x00000000171e0000,0x00000000172e0000)]
  0x000000000242c000 JavaThread "Finalizer" daemon [_thread_blocked, id=7376, stack(0x0000000017000000,0x0000000017100000)]
  0x0000000002421000 JavaThread "Reference Handler" daemon [_thread_blocked, id=4664, stack(0x0000000016f00000,0x0000000017000000)]
  0x000000000232d800 JavaThread "main" [_thread_blocked, id=784, stack(0x0000000002170000,0x0000000002270000)]

Other Threads:
  0x0000000015d65800 VMThread [stack: 0x0000000016e00000,0x0000000016f00000] [id=7612]
  0x0000000017713000 WatcherThread [stack: 0x0000000017be0000,0x0000000017ce0000] [id=940]

VM state:not at safepoint (normal execution)

VM Mutex/Monitor currently owned by a thread: None

Heap:
 PSYoungGen      total 474112K, used 190631K [0x00000000e0000000, 0x0000000100000000, 0x0000000100000000)
  eden space 423936K, 41% used [0x00000000e0000000,0x00000000ead26498,0x00000000f9e00000)
  from space 50176K, 26% used [0x00000000fcf00000,0x00000000fdc03950,0x0000000100000000)
  to   space 50176K, 0% used [0x00000000f9e00000,0x00000000f9e00000,0x00000000fcf00000)
 ParOldGen       total 242688K, used 114304K [0x00000000a0000000, 0x00000000aed00000, 0x00000000e0000000)
  object space 242688K, 47% used [0x00000000a0000000,0x00000000a6fa0090,0x00000000aed00000)
 Metaspace       used 114572K, capacity 125726K, committed 125900K, reserved 1157120K
  class space    used 14789K, capacity 17358K, committed 17408K, reserved 1048576K

Card table byte_map: [0x00000000117f0000,0x0000000011b00000] byte_map_base: 0x00000000112f0000

Marking Bits: (ParMarkBitMap*) 0x000000005d9b3950
 Begin Bits: [0x0000000012100000, 0x0000000013900000)
 End Bits:   [0x0000000013900000, 0x0000000015100000)

Polling page: 0x0000000000540000

CodeCache: size=245760Kb used=76141Kb max_used=76235Kb free=169618Kb
 bounds [0x0000000002430000, 0x0000000006f30000, 0x0000000011430000]
 total_blobs=22421 nmethods=21421 adapters=911
 compilation: enabled

Compilation events (10 events):
Event: 2612.336 Thread 0x0000000015da5000 27565       3       com.google.common.io.Files::asCharSink (10 bytes)
Event: 2612.337 Thread 0x0000000015da5000 nmethod 27565 0x0000000006f08810 code [0x0000000006f08a00, 0x0000000006f09368]
Event: 2612.473 Thread 0x0000000015d9c800 27566       4       com.sun.org.apache.xerces.internal.dom.NamedNodeMapImpl::setOwnerDocument (43 bytes)
Event: 2612.481 Thread 0x0000000015d9c800 nmethod 27566 0x000000000400a150 code [0x000000000400a2c0, 0x000000000400aa18]
Event: 2612.493 Thread 0x0000000015da1800 27567       4       com.sun.org.apache.xerces.internal.dom.NodeImpl::setOwnerDocument (24 bytes)
Event: 2612.496 Thread 0x0000000015da1800 nmethod 27567 0x0000000003c83e50 code [0x0000000003c83fa0, 0x0000000003c84148]
Event: 2612.512 Thread 0x0000000015da5000 27568   !   3       com.google.common.cache.LocalCache$LoadingValueReference::loadFuture (125 bytes)
Event: 2612.515 Thread 0x0000000015da5000 nmethod 27568 0x0000000006efce90 code [0x0000000006efd220, 0x0000000006efedb8]
Event: 2612.516 Thread 0x0000000015da5000 27569   !   3       com.google.common.cache.LocalCache$Segment::getAndRecordStats (134 bytes)
Event: 2612.518 Thread 0x0000000015da5000 nmethod 27569 0x00000000026d89d0 code [0x00000000026d8d00, 0x00000000026da568]

GC Heap History (10 events):
Event: 1340.956 GC heap before
{Heap before GC invocations=42 (full 4):
 PSYoungGen      total 440832K, used 440482K [0x00000000e0000000, 0x00000000ffd80000, 0x0000000100000000)
  eden space 414720K, 100% used [0x00000000e0000000,0x00000000f9500000,0x00000000f9500000)
  from space 26112K, 98% used [0x00000000f9500000,0x00000000fae28950,0x00000000fae80000)
  to   space 52736K, 0% used [0x00000000fca00000,0x00000000fca00000,0x00000000ffd80000)
 ParOldGen       total 242688K, used 104692K [0x00000000a0000000, 0x00000000aed00000, 0x00000000e0000000)
  object space 242688K, 43% used [0x00000000a0000000,0x00000000a663d388,0x00000000aed00000)
 Metaspace       used 110437K, capacity 120024K, committed 120140K, reserved 1153024K
  class space    used 14144K, capacity 16188K, committed 16256K, reserved 1048576K
Event: 1340.970 GC heap after
Heap after GC invocations=42 (full 4):
 PSYoungGen      total 471040K, used 25052K [0x00000000e0000000, 0x0000000100000000, 0x0000000100000000)
  eden space 418304K, 0% used [0x00000000e0000000,0x00000000e0000000,0x00000000f9880000)
  from space 52736K, 47% used [0x00000000fca00000,0x00000000fe277258,0x00000000ffd80000)
  to   space 50688K, 0% used [0x00000000f9880000,0x00000000f9880000,0x00000000fca00000)
 ParOldGen       total 242688K, used 105600K [0x00000000a0000000, 0x00000000aed00000, 0x00000000e0000000)
  object space 242688K, 43% used [0x00000000a0000000,0x00000000a6720328,0x00000000aed00000)
 Metaspace       used 110437K, capacity 120024K, committed 120140K, reserved 1153024K
  class space    used 14144K, capacity 16188K, committed 16256K, reserved 1048576K
}
Event: 1517.550 GC heap before
{Heap before GC invocations=43 (full 4):
 PSYoungGen      total 471040K, used 443356K [0x00000000e0000000, 0x0000000100000000, 0x0000000100000000)
  eden space 418304K, 100% used [0x00000000e0000000,0x00000000f9880000,0x00000000f9880000)
  from space 52736K, 47% used [0x00000000fca00000,0x00000000fe277258,0x00000000ffd80000)
  to   space 50688K, 0% used [0x00000000f9880000,0x00000000f9880000,0x00000000fca00000)
 ParOldGen       total 242688K, used 105600K [0x00000000a0000000, 0x00000000aed00000, 0x00000000e0000000)
  object space 242688K, 43% used [0x00000000a0000000,0x00000000a6720328,0x00000000aed00000)
 Metaspace       used 110989K, capacity 120942K, committed 121036K, reserved 1155072K
  class space    used 14210K, capacity 16349K, committed 16384K, reserved 1048576K
Event: 1517.573 GC heap after
Heap after GC invocations=43 (full 4):
 PSYoungGen      total 468992K, used 32038K [0x00000000e0000000, 0x00000000ffd00000, 0x0000000100000000)
  eden space 418304K, 0% used [0x00000000e0000000,0x00000000e0000000,0x00000000f9880000)
  from space 50688K, 63% used [0x00000000f9880000,0x00000000fb7c9890,0x00000000fca00000)
  to   space 50176K, 0% used [0x00000000fcc00000,0x00000000fcc00000,0x00000000ffd00000)
 ParOldGen       total 242688K, used 107568K [0x00000000a0000000, 0x00000000aed00000, 0x00000000e0000000)
  object space 242688K, 44% used [0x00000000a0000000,0x00000000a690c2b0,0x00000000aed00000)
 Metaspace       used 110989K, capacity 120942K, committed 121036K, reserved 1155072K
  class space    used 14210K, capacity 16349K, committed 16384K, reserved 1048576K
}
Event: 1825.168 GC heap before
{Heap before GC invocations=44 (full 4):
 PSYoungGen      total 468992K, used 450342K [0x00000000e0000000, 0x00000000ffd00000, 0x0000000100000000)
  eden space 418304K, 100% used [0x00000000e0000000,0x00000000f9880000,0x00000000f9880000)
  from space 50688K, 63% used [0x00000000f9880000,0x00000000fb7c9890,0x00000000fca00000)
  to   space 50176K, 0% used [0x00000000fcc00000,0x00000000fcc00000,0x00000000ffd00000)
 ParOldGen       total 242688K, used 107568K [0x00000000a0000000, 0x00000000aed00000, 0x00000000e0000000)
  object space 242688K, 44% used [0x00000000a0000000,0x00000000a690c2b0,0x00000000aed00000)
 Metaspace       used 112122K, capacity 122462K, committed 122700K, reserved 1155072K
  class space    used 14397K, capacity 16693K, committed 16768K, reserved 1048576K
Event: 1825.229 GC heap after
Heap after GC invocations=44 (full 4):
 PSYoungGen      total 471040K, used 16063K [0x00000000e0000000, 0x00000000fff80000, 0x0000000100000000)
  eden space 420864K, 0% used [0x00000000e0000000,0x00000000e0000000,0x00000000f9b00000)
  from space 50176K, 32% used [0x00000000fcc00000,0x00000000fdbafed8,0x00000000ffd00000)
  to   space 50176K, 0% used [0x00000000f9b00000,0x00000000f9b00000,0x00000000fcc00000)
 ParOldGen       total 242688K, used 113258K [0x00000000a0000000, 0x00000000aed00000, 0x00000000e0000000)
  object space 242688K, 46% used [0x00000000a0000000,0x00000000a6e9ab50,0x00000000aed00000)
 Metaspace       used 112122K, capacity 122462K, committed 122700K, reserved 1155072K
  class space    used 14397K, capacity 16693K, committed 16768K, reserved 1048576K
}
Event: 1970.348 GC heap before
{Heap before GC invocations=45 (full 4):
 PSYoungGen      total 471040K, used 436927K [0x00000000e0000000, 0x00000000fff80000, 0x0000000100000000)
  eden space 420864K, 100% used [0x00000000e0000000,0x00000000f9b00000,0x00000000f9b00000)
  from space 50176K, 32% used [0x00000000fcc00000,0x00000000fdbafed8,0x00000000ffd00000)
  to   space 50176K, 0% used [0x00000000f9b00000,0x00000000f9b00000,0x00000000fcc00000)
 ParOldGen       total 242688K, used 113258K [0x00000000a0000000, 0x00000000aed00000, 0x00000000e0000000)
  object space 242688K, 46% used [0x00000000a0000000,0x00000000a6e9ab50,0x00000000aed00000)
 Metaspace       used 113270K, capacity 123942K, committed 123980K, reserved 1157120K
  class space    used 14583K, capacity 17004K, committed 17024K, reserved 1048576K
Event: 1970.457 GC heap after
Heap after GC invocations=45 (full 4):
 PSYoungGen      total 471040K, used 13391K [0x00000000e0000000, 0x0000000100000000, 0x0000000100000000)
  eden space 420864K, 0% used [0x00000000e0000000,0x00000000e0000000,0x00000000f9b00000)
  from space 50176K, 26% used [0x00000000f9b00000,0x00000000fa813c90,0x00000000fcc00000)
  to   space 50176K, 0% used [0x00000000fcf00000,0x00000000fcf00000,0x0000000100000000)
 ParOldGen       total 242688K, used 113574K [0x00000000a0000000, 0x00000000aed00000, 0x00000000e0000000)
  object space 242688K, 46% used [0x00000000a0000000,0x00000000a6ee9b90,0x00000000aed00000)
 Metaspace       used 113270K, capacity 123942K, committed 123980K, reserved 1157120K
  class space    used 14583K, capacity 17004K, committed 17024K, reserved 1048576K
}
Event: 2610.017 GC heap before
{Heap before GC invocations=46 (full 4):
 PSYoungGen      total 471040K, used 434255K [0x00000000e0000000, 0x0000000100000000, 0x0000000100000000)
  eden space 420864K, 100% used [0x00000000e0000000,0x00000000f9b00000,0x00000000f9b00000)
  from space 50176K, 26% used [0x00000000f9b00000,0x00000000fa813c90,0x00000000fcc00000)
  to   space 50176K, 0% used [0x00000000fcf00000,0x00000000fcf00000,0x0000000100000000)
 ParOldGen       total 242688K, used 113574K [0x00000000a0000000, 0x00000000aed00000, 0x00000000e0000000)
  object space 242688K, 46% used [0x00000000a0000000,0x00000000a6ee9b90,0x00000000aed00000)
 Metaspace       used 114464K, capacity 125662K, committed 125900K, reserved 1157120K
  class space    used 14787K, capacity 17358K, committed 17408K, reserved 1048576K
Event: 2610.036 GC heap after
Heap after GC invocations=46 (full 4):
 PSYoungGen      total 474112K, used 13326K [0x00000000e0000000, 0x0000000100000000, 0x0000000100000000)
  eden space 423936K, 0% used [0x00000000e0000000,0x00000000e0000000,0x00000000f9e00000)
  from space 50176K, 26% used [0x00000000fcf00000,0x00000000fdc03950,0x0000000100000000)
  to   space 50176K, 0% used [0x00000000f9e00000,0x00000000f9e00000,0x00000000fcf00000)
 ParOldGen       total 242688K, used 114304K [0x00000000a0000000, 0x00000000aed00000, 0x00000000e0000000)
  object space 242688K, 47% used [0x00000000a0000000,0x00000000a6fa0090,0x00000000aed00000)
 Metaspace       used 114464K, capacity 125662K, committed 125900K, reserved 1157120K
  class space    used 14787K, capacity 17358K, committed 17408K, reserved 1048576K
}

Deoptimization events (10 events):
Event: 1966.633 Thread 0x000000001dbba800 Uncommon trap: reason=array_check action=maybe_recompile pc=0x00000000052b66e0 method=com.google.common.collect.RegularImmutableMap.fromEntryArray(I[Ljava/util/Map$Entry;)Lcom/google/common/collect/RegularImmutableMap; @ 200
Event: 1969.509 Thread 0x000000001dbba800 Uncommon trap: reason=array_check action=maybe_recompile pc=0x00000000052b66e0 method=com.google.common.collect.RegularImmutableMap.fromEntryArray(I[Ljava/util/Map$Entry;)Lcom/google/common/collect/RegularImmutableMap; @ 200
Event: 1969.510 Thread 0x000000001dbba800 Uncommon trap: reason=array_check action=maybe_recompile pc=0x00000000052b66e0 method=com.google.common.collect.RegularImmutableMap.fromEntryArray(I[Ljava/util/Map$Entry;)Lcom/google/common/collect/RegularImmutableMap; @ 200
Event: 1969.514 Thread 0x000000001dbba800 Uncommon trap: reason=bimorphic action=maybe_recompile pc=0x0000000005160104 method=com.google.common.collect.ImmutableMap.copyOf(Ljava/util/Map;)Lcom/google/common/collect/ImmutableMap; @ 49
Event: 1969.514 Thread 0x000000001dbba800 Uncommon trap: reason=bimorphic action=maybe_recompile pc=0x0000000005164104 method=com.google.common.collect.Iterables.toArray(Ljava/lang/Iterable;[Ljava/lang/Object;)[Ljava/lang/Object; @ 7
Event: 2555.679 Thread 0x000000001dbb4800 Uncommon trap: reason=null_check action=make_not_entrant pc=0x0000000006e74d68 method=com.sun.org.apache.xerces.internal.parsers.AbstractDOMParser.xmlDecl(Ljava/lang/String;Ljava/lang/String;Ljava/lang/String;Lcom/sun/org/apache/xerces/internal/xni/Augmen
Event: 2610.167 Thread 0x000000001dbb4800 Uncommon trap: reason=null_check action=make_not_entrant pc=0x0000000003e2f9f0 method=com.sun.org.apache.xerces.internal.parsers.AbstractSAXParser.xmlDecl(Ljava/lang/String;Ljava/lang/String;Ljava/lang/String;Lcom/sun/org/apache/xerces/internal/xni/Augmen
Event: 2612.031 Thread 0x000000001b7d4800 Uncommon trap: reason=unstable_if action=reinterpret pc=0x0000000006c6a79c method=com.sun.org.apache.xerces.internal.dom.NodeImpl.setOwnerDocument(Lcom/sun/org/apache/xerces/internal/dom/CoreDocumentImpl;)V @ 4
Event: 2612.031 Thread 0x000000001b7d4800 Uncommon trap: reason=unstable_if action=reinterpret pc=0x0000000003ffe5ec method=com.sun.org.apache.xerces.internal.dom.NodeImpl.setOwnerDocument(Lcom/sun/org/apache/xerces/internal/dom/CoreDocumentImpl;)V @ 4
Event: 2612.031 Thread 0x000000001b7d4800 Uncommon trap: reason=unstable_if action=reinterpret pc=0x0000000003717448 method=com.sun.org.apache.xerces.internal.dom.NodeImpl.setOwnerDocument(Lcom/sun/org/apache/xerces/internal/dom/CoreDocumentImpl;)V @ 4

Classes redefined (0 events):
No events

Internal exceptions (10 events):
Event: 2611.433 Thread 0x000000001dbb4800 Exception <a 'sun/nio/fs/WindowsException'> (0x00000000e312ff88) thrown at [D:\src\AOSP-openjdk-cygwin\jdk8u\hotspot\src\share\vm\prims\jni.cpp, line 709]
Event: 2611.433 Thread 0x000000001dbb4800 Exception <a 'sun/nio/fs/WindowsException'> (0x00000000e3130a70) thrown at [D:\src\AOSP-openjdk-cygwin\jdk8u\hotspot\src\share\vm\prims\jni.cpp, line 709]
Event: 2611.449 Thread 0x000000001dbb4800 Exception <a 'sun/nio/fs/WindowsException'> (0x00000000e3174cd8) thrown at [D:\src\AOSP-openjdk-cygwin\jdk8u\hotspot\src\share\vm\prims\jni.cpp, line 709]
Event: 2611.449 Thread 0x000000001dbb4800 Exception <a 'sun/nio/fs/WindowsException'> (0x00000000e31757b0) thrown at [D:\src\AOSP-openjdk-cygwin\jdk8u\hotspot\src\share\vm\prims\jni.cpp, line 709]
Event: 2611.449 Thread 0x000000001dbb4800 Exception <a 'sun/nio/fs/WindowsException'> (0x00000000e31777d0) thrown at [D:\src\AOSP-openjdk-cygwin\jdk8u\hotspot\src\share\vm\prims\jni.cpp, line 709]
Event: 2611.449 Thread 0x000000001dbb4800 Exception <a 'sun/nio/fs/WindowsException'> (0x00000000e31782a8) thrown at [D:\src\AOSP-openjdk-cygwin\jdk8u\hotspot\src\share\vm\prims\jni.cpp, line 709]
Event: 2611.449 Thread 0x000000001dbb4800 Exception <a 'sun/nio/fs/WindowsException'> (0x00000000e317a3f0) thrown at [D:\src\AOSP-openjdk-cygwin\jdk8u\hotspot\src\share\vm\prims\jni.cpp, line 709]
Event: 2611.449 Thread 0x000000001dbb4800 Exception <a 'sun/nio/fs/WindowsException'> (0x00000000e317aec8) thrown at [D:\src\AOSP-openjdk-cygwin\jdk8u\hotspot\src\share\vm\prims\jni.cpp, line 709]
Event: 2611.449 Thread 0x000000001dbb4800 Exception <a 'sun/nio/fs/WindowsException'> (0x00000000e317cf10) thrown at [D:\src\AOSP-openjdk-cygwin\jdk8u\hotspot\src\share\vm\prims\jni.cpp, line 709]
Event: 2611.449 Thread 0x000000001dbb4800 Exception <a 'sun/nio/fs/WindowsException'> (0x00000000e317d9e8) thrown at [D:\src\AOSP-openjdk-cygwin\jdk8u\hotspot\src\share\vm\prims\jni.cpp, line 709]

Events (10 events):
Event: 2612.299 Thread 0x0000000015da5000 flushing nmethod 0x0000000003ac81d0
Event: 2612.299 Thread 0x0000000015da5000 flushing nmethod 0x0000000003c83f90
Event: 2612.300 Thread 0x0000000015da5000 flushing nmethod 0x0000000003d31950
Event: 2612.301 Thread 0x0000000015da5000 flushing nmethod 0x0000000003f4bc90
Event: 2612.301 Thread 0x0000000015da5000 flushing nmethod 0x000000000400a050
Event: 2612.301 Thread 0x0000000015da5000 flushing nmethod 0x000000000402a890
Event: 2612.327 Thread 0x0000000015da5000 flushing nmethod 0x00000000043ce150
Event: 2612.327 Thread 0x0000000015da5000 flushing nmethod 0x00000000044bd050
Event: 2612.328 Thread 0x0000000015da5000 flushing nmethod 0x0000000004599f50
Event: 2612.481 Thread 0x0000000015d9c800 flushing nmethod 0x000000000553b090


Dynamic libraries:
0x00007ff746800000 - 0x00007ff746831000 	C:\Program Files\android\Android Studio\jre\bin\java.exe
0x00007ff9a2a10000 - 0x00007ff9a2bd1000 	C:\WINDOWS\SYSTEM32\ntdll.dll
0x00007ff9a18e0000 - 0x00007ff9a198d000 	C:\WINDOWS\system32\KERNEL32.DLL
0x00007ff99fb60000 - 0x00007ff99fd48000 	C:\WINDOWS\system32\KERNELBASE.dll
0x00007ff9a2410000 - 0x00007ff9a24b7000 	C:\WINDOWS\system32\ADVAPI32.dll
0x00007ff99fe30000 - 0x00007ff99fecd000 	C:\WINDOWS\system32\msvcrt.dll
0x00007ff9a2100000 - 0x00007ff9a215b000 	C:\WINDOWS\system32\sechost.dll
0x00007ff9a00e0000 - 0x00007ff9a01fc000 	C:\WINDOWS\system32\RPCRT4.dll
0x00007ff9a1ed0000 - 0x00007ff9a2026000 	C:\WINDOWS\system32\USER32.dll
0x00007ff99ff50000 - 0x00007ff9a00d6000 	C:\WINDOWS\system32\GDI32.dll
0x00007ff99a640000 - 0x00007ff99a8b4000 	C:\WINDOWS\WinSxS\amd64_microsoft.windows.common-controls_6595b64144ccf1df_6.0.10586.0_none_8c15ae12515e1c22\COMCTL32.dll
0x00007ff9a25d0000 - 0x00007ff9a284d000 	C:\WINDOWS\system32\combase.dll
0x00007ff99f1f0000 - 0x00007ff99f25a000 	C:\WINDOWS\system32\bcryptPrimitives.dll
0x00007ff9a1e90000 - 0x00007ff9a1ecb000 	C:\WINDOWS\system32\IMM32.DLL
0x000000005d030000 - 0x000000005d102000 	C:\Program Files\android\Android Studio\jre\jre\bin\msvcr100.dll
0x000000005d1f0000 - 0x000000005da2e000 	C:\Program Files\android\Android Studio\jre\jre\bin\server\jvm.dll
0x00007ff99fe10000 - 0x00007ff99fe18000 	C:\WINDOWS\system32\PSAPI.DLL
0x00007ff99be90000 - 0x00007ff99be99000 	C:\WINDOWS\SYSTEM32\WSOCK32.dll
0x00007ff9a1760000 - 0x00007ff9a17cb000 	C:\WINDOWS\system32\WS2_32.dll
0x00007ff99d7a0000 - 0x00007ff99d7c3000 	C:\WINDOWS\SYSTEM32\WINMM.dll
0x00007ff99bed0000 - 0x00007ff99beda000 	C:\WINDOWS\SYSTEM32\VERSION.dll
0x00000000004f0000 - 0x000000000051c000 	C:\WINDOWS\SYSTEM32\WINMMBASE.dll
0x00007ff99fa80000 - 0x00007ff99fac3000 	C:\WINDOWS\system32\cfgmgr32.dll
0x00007ff9937b0000 - 0x00007ff9937bf000 	C:\Program Files\android\Android Studio\jre\jre\bin\verify.dll
0x00007ff990fa0000 - 0x00007ff990fc9000 	C:\Program Files\android\Android Studio\jre\jre\bin\java.dll
0x00007ff993790000 - 0x00007ff9937a6000 	C:\Program Files\android\Android Studio\jre\jre\bin\zip.dll
0x00007ff9a0200000 - 0x00007ff9a175c000 	C:\WINDOWS\system32\SHELL32.dll
0x00007ff99f260000 - 0x00007ff99f8a5000 	C:\WINDOWS\system32\windows.storage.dll
0x00007ff99fef0000 - 0x00007ff99ff42000 	C:\WINDOWS\system32\shlwapi.dll
0x00007ff99f030000 - 0x00007ff99f03f000 	C:\WINDOWS\system32\kernel.appcore.dll
0x00007ff99fd50000 - 0x00007ff99fe05000 	C:\WINDOWS\system32\shcore.dll
0x00007ff99f050000 - 0x00007ff99f09b000 	C:\WINDOWS\system32\powrprof.dll
0x00007ff99f0a0000 - 0x00007ff99f0b4000 	C:\WINDOWS\system32\profapi.dll
0x00007ff9919f0000 - 0x00007ff991a0a000 	C:\Program Files\android\Android Studio\jre\jre\bin\net.dll
0x00007ff99e900000 - 0x00007ff99e95c000 	C:\WINDOWS\system32\mswsock.dll
0x00007ff9919d0000 - 0x00007ff9919e1000 	C:\Program Files\android\Android Studio\jre\jre\bin\nio.dll
0x00007ff97a250000 - 0x00007ff97a26e000 	C:\Users\ziddik\.gradle\native\25\windows-amd64\native-platform.dll
0x00007ff992670000 - 0x00007ff99267d000 	C:\Program Files\android\Android Studio\jre\jre\bin\management.dll
0x00007ff99e9b0000 - 0x00007ff99e9c7000 	C:\WINDOWS\SYSTEM32\CRYPTSP.dll
0x00007ff99e640000 - 0x00007ff99e674000 	C:\WINDOWS\system32\rsaenh.dll
0x00007ff99ef60000 - 0x00007ff99ef89000 	C:\WINDOWS\SYSTEM32\bcrypt.dll
0x00007ff99e790000 - 0x00007ff99e7af000 	C:\WINDOWS\SYSTEM32\USERENV.dll
0x00007ff99ead0000 - 0x00007ff99eadb000 	C:\WINDOWS\SYSTEM32\CRYPTBASE.dll
0x00007ff99ae00000 - 0x00007ff99ae38000 	C:\WINDOWS\SYSTEM32\IPHLPAPI.DLL
0x00007ff99fe20000 - 0x00007ff99fe28000 	C:\WINDOWS\system32\NSI.dll
0x00007ff99a280000 - 0x00007ff99a296000 	C:\WINDOWS\SYSTEM32\dhcpcsvc6.DLL
0x00007ff99ac10000 - 0x00007ff99ac2a000 	C:\WINDOWS\SYSTEM32\dhcpcsvc.DLL
0x00007ff97e0c0000 - 0x00007ff97e0e4000 	C:\Program Files\android\Android Studio\jre\jre\bin\sunec.dll
0x00007ff99d9c0000 - 0x00007ff99da6a000 	C:\WINDOWS\SYSTEM32\DNSAPI.dll
0x00007ff990230000 - 0x00007ff99023a000 	C:\Windows\System32\rasadhlp.dll
0x00007ff991650000 - 0x00007ff9916b7000 	C:\WINDOWS\System32\fwpuclnt.dll
0x00007ff98c690000 - 0x00007ff98c69b000 	C:\Program Files\android\Android Studio\jre\jre\bin\sunmscapi.dll
0x00007ff99f8b0000 - 0x00007ff99fa77000 	C:\WINDOWS\system32\CRYPT32.dll
0x00007ff99f040000 - 0x00007ff99f050000 	C:\WINDOWS\system32\MSASN1.dll
0x00007ff970520000 - 0x00007ff9706b5000 	C:\Program Files\android\Android Studio\jre\jre\bin\awt.dll
0x00007ff9a2030000 - 0x00007ff9a20f1000 	C:\WINDOWS\system32\OLEAUT32.dll
0x00007ff98fc70000 - 0x00007ff9901b5000 	C:\WINDOWS\SYSTEM32\d2d1.dll
0x00007ff99d910000 - 0x00007ff99d989000 	C:\WINDOWS\system32\apphelp.dll
0x00007ff99bea0000 - 0x00007ff99bec2000 	C:\WINDOWS\system32\DWMAPI.DLL
0x00007ff99da90000 - 0x00007ff99db26000 	C:\WINDOWS\system32\uxtheme.dll
0x00007ff99e520000 - 0x00007ff99e551000 	C:\WINDOWS\SYSTEM32\ntmarta.dll
0x00007ff9923f0000 - 0x00007ff99248c000 	C:\WINDOWS\SYSTEM32\efswrt.dll
0x00007ff997da0000 - 0x00007ff997ed6000 	C:\WINDOWS\SYSTEM32\wintypes.dll
0x00007ff984ed0000 - 0x00007ff984f20000 	C:\WINDOWS\SYSTEM32\edputil.dll
0x00007ff99b860000 - 0x00007ff99b9ec000 	C:\WINDOWS\SYSTEM32\dbghelp.dll

VM Arguments:
jvm_args: -Xmx1536m -Dfile.encoding=windows-1252 -Duser.country=US -Duser.language=en -Duser.variant 
java_command: org.gradle.launcher.daemon.bootstrap.GradleDaemon 4.1
java_class_path (initial): C:\Users\ziddik\.gradle\wrapper\dists\gradle-4.1-all\bzyivzo6n839fup2jbap0tjew\gradle-4.1\lib\gradle-launcher-4.1.jar
Launcher Type: SUN_STANDARD

Environment Variables:
PATH=C:\Program Files (x86)\Intel\iCLS Client\;C:\Program Files\Intel\iCLS Client\;C:\Windows\system32;C:\Windows;C:\Windows\System32\Wbem;C:\Windows\System32\WindowsPowerShell\v1.0\;C:\Program Files\Git\cmd;C:\Program Files (x86)\Intel\Intel(R) Management Engine Components\DAL;C:\Program Files\Intel\Intel(R) Management Engine Components\DAL;C:\Program Files (x86)\Intel\Intel(R) Management Engine Components\IPT;C:\Program Files\Intel\Intel(R) Management Engine Components\IPT;C:\Program Files (x86)\NVIDIA Corporation\PhysX\Common;C:\WINDOWS\system32;C:\WINDOWS;C:\WINDOWS\System32\Wbem;C:\WINDOWS\System32\WindowsPowerShell\v1.0\;C:\adb
USERNAME=ziddik
OS=Windows_NT
PROCESSOR_IDENTIFIER=Intel64 Family 6 Model 78 Stepping 3, GenuineIntel



---------------  S Y S T E M  ---------------

OS: Windows 10.0 , 64 bit Build 10586 (10.0.10586.0)

CPU:total 4 (initial active 4) (2 cores per cpu, 2 threads per core) family 6 model 78 stepping 3, cmov, cx8, fxsr, mmx, sse, sse2, sse3, ssse3, sse4.1, sse4.2, popcnt, avx, avx2, aes, clmul, erms, 3dnowpref, lzcnt, ht, tsc, tscinvbit, bmi1, bmi2, adx

Memory: 4k page, physical 8246400k(3295108k free), swap 14013568k(8275820k free)

vm_info: OpenJDK 64-Bit Server VM (25.152-b01) for windows-amd64 JRE (1.8.0_152-release-915-b01), built by "builder" with MS VC++ 10.0 (VS2010)

time: Mon Dec 25 08:17:59 2017
elapsed time: 2612 seconds (0d 0h 43m 32s)

